



<html lang="ko">
<head>
<meta http-equiv="Content-Type" content="text/html; charset=utf-8" />
<meta http-equiv="X-UA-Compatible" content="IE=edge, chrome=1" />
<title>에어코리아</title>
<link href="/web/css/BasicSet.css" rel="stylesheet" type="text/css" />
<link href="/web/css/comm.css" rel="stylesheet" type="text/css" />
<link href="/web/css/sub_conts.css" rel="stylesheet" type="text/css" />
<link rel="stylesheet" href="/js/jquery-ui-1.11.4.custom/jquery-ui.css">
<script type="text/javascript" src="/js/jquery-1.11.3.min.js;jsessionid=KEItZzylRXYJ2VuByNTfvFTB8IaBPsOTn2WN0n2FAOwv7TV3yj3tI5DVqrr3anBT.airwas2_servlet_newairkorea3"></script>
<script type="text/javascript" src="/js/jquery-ui-1.11.4.custom/jquery-ui.js;jsessionid=KEItZzylRXYJ2VuByNTfvFTB8IaBPsOTn2WN0n2FAOwv7TV3yj3tI5DVqrr3anBT.airwas2_servlet_newairkorea3"></script>
<script src="/js/highcharts/highcharts.js;jsessionid=KEItZzylRXYJ2VuByNTfvFTB8IaBPsOTn2WN0n2FAOwv7TV3yj3tI5DVqrr3anBT.airwas2_servlet_newairkorea3"></script>
<script src="/js/highcharts/highcharts-more.js;jsessionid=KEItZzylRXYJ2VuByNTfvFTB8IaBPsOTn2WN0n2FAOwv7TV3yj3tI5DVqrr3anBT.airwas2_servlet_newairkorea3"></script>
<script src="/js/highcharts/exporting.js;jsessionid=KEItZzylRXYJ2VuByNTfvFTB8IaBPsOTn2WN0n2FAOwv7TV3yj3tI5DVqrr3anBT.airwas2_servlet_newairkorea3"></script>
<script src="/js/highcharts/no-data-to-display.js;jsessionid=KEItZzylRXYJ2VuByNTfvFTB8IaBPsOTn2WN0n2FAOwv7TV3yj3tI5DVqrr3anBT.airwas2_servlet_newairkorea3"></script>
</head>
<script>
$(document).ready(function() {
	var color = "";
	var da = [];
	var itemCode = "10008";
	var itemName = "PM2.5";
	var itemUnit = "㎍/㎥";
	var category = [];
	var itemValue = "";
	var itemGrade = "";

	
		if(itemCode == "10001"){
			itemValue = "0.004";
		}else if(itemCode == "10002"){
			itemValue = "0.3";
		}else if(itemCode == "10003"){
			itemValue = "0.027";
		}else if(itemCode == "10006"){
			itemValue = "0.017";
		}else if(itemCode == "10007"){
			itemValue = "43";
		}else if(itemCode == "10008"){
			itemValue = "12";
		}
		if(itemCode == "10001"){
			itemGrade = "좋음";
		}else if(itemCode == "10002"){
			itemGrade = "좋음";
		}else if(itemCode == "10003"){
			itemGrade = "좋음";
		}else if(itemCode == "10006"){
			itemGrade = "좋음";
		}else if(itemCode == "10007"){
			itemGrade = "보통";
		}else if(itemCode == "10008"){
			itemGrade = "좋음";
		}
		if(itemGrade=="좋음"){
			color = "#0000FF";
		}else if(itemGrade=="보통"){
			color = "#00FF00";
		}else if(itemGrade=="나쁨"){
			color = "#FFFF00";
		}else if(itemGrade=="매우나쁨"){
			color = "#FF0000";
		}
		var obj = {};
		if(itemValue!=""){
			obj['y'] = Number(itemValue);
			obj['color'] = color;
			category.push("2019/10/14 20:00");
			da.push(obj);
		}else {
			da.push(null);
			category.push("");
		}
		
		if(itemCode == "10001"){
			itemValue = "0.004";
		}else if(itemCode == "10002"){
			itemValue = "0.3";
		}else if(itemCode == "10003"){
			itemValue = "0.030";
		}else if(itemCode == "10006"){
			itemValue = "0.012";
		}else if(itemCode == "10007"){
			itemValue = "46";
		}else if(itemCode == "10008"){
			itemValue = "11";
		}
		if(itemCode == "10001"){
			itemGrade = "좋음";
		}else if(itemCode == "10002"){
			itemGrade = "좋음";
		}else if(itemCode == "10003"){
			itemGrade = "좋음";
		}else if(itemCode == "10006"){
			itemGrade = "좋음";
		}else if(itemCode == "10007"){
			itemGrade = "보통";
		}else if(itemCode == "10008"){
			itemGrade = "좋음";
		}
		if(itemGrade=="좋음"){
			color = "#0000FF";
		}else if(itemGrade=="보통"){
			color = "#00FF00";
		}else if(itemGrade=="나쁨"){
			color = "#FFFF00";
		}else if(itemGrade=="매우나쁨"){
			color = "#FF0000";
		}
		var obj = {};
		if(itemValue!=""){
			obj['y'] = Number(itemValue);
			obj['color'] = color;
			category.push("2019/10/14 21:00");
			da.push(obj);
		}else {
			da.push(null);
			category.push("");
		}
		
		if(itemCode == "10001"){
			itemValue = "0.004";
		}else if(itemCode == "10002"){
			itemValue = "0.3";
		}else if(itemCode == "10003"){
			itemValue = "0.024";
		}else if(itemCode == "10006"){
			itemValue = "0.017";
		}else if(itemCode == "10007"){
			itemValue = "45";
		}else if(itemCode == "10008"){
			itemValue = "12";
		}
		if(itemCode == "10001"){
			itemGrade = "좋음";
		}else if(itemCode == "10002"){
			itemGrade = "좋음";
		}else if(itemCode == "10003"){
			itemGrade = "좋음";
		}else if(itemCode == "10006"){
			itemGrade = "좋음";
		}else if(itemCode == "10007"){
			itemGrade = "보통";
		}else if(itemCode == "10008"){
			itemGrade = "좋음";
		}
		if(itemGrade=="좋음"){
			color = "#0000FF";
		}else if(itemGrade=="보통"){
			color = "#00FF00";
		}else if(itemGrade=="나쁨"){
			color = "#FFFF00";
		}else if(itemGrade=="매우나쁨"){
			color = "#FF0000";
		}
		var obj = {};
		if(itemValue!=""){
			obj['y'] = Number(itemValue);
			obj['color'] = color;
			category.push("2019/10/14 22:00");
			da.push(obj);
		}else {
			da.push(null);
			category.push("");
		}
		
		if(itemCode == "10001"){
			itemValue = "0.003";
		}else if(itemCode == "10002"){
			itemValue = "0.3";
		}else if(itemCode == "10003"){
			itemValue = "0.018";
		}else if(itemCode == "10006"){
			itemValue = "0.022";
		}else if(itemCode == "10007"){
			itemValue = "46";
		}else if(itemCode == "10008"){
			itemValue = "10";
		}
		if(itemCode == "10001"){
			itemGrade = "좋음";
		}else if(itemCode == "10002"){
			itemGrade = "좋음";
		}else if(itemCode == "10003"){
			itemGrade = "좋음";
		}else if(itemCode == "10006"){
			itemGrade = "좋음";
		}else if(itemCode == "10007"){
			itemGrade = "보통";
		}else if(itemCode == "10008"){
			itemGrade = "좋음";
		}
		if(itemGrade=="좋음"){
			color = "#0000FF";
		}else if(itemGrade=="보통"){
			color = "#00FF00";
		}else if(itemGrade=="나쁨"){
			color = "#FFFF00";
		}else if(itemGrade=="매우나쁨"){
			color = "#FF0000";
		}
		var obj = {};
		if(itemValue!=""){
			obj['y'] = Number(itemValue);
			obj['color'] = color;
			category.push("2019/10/14 23:00");
			da.push(obj);
		}else {
			da.push(null);
			category.push("");
		}
		
		if(itemCode == "10001"){
			itemValue = "0.003";
		}else if(itemCode == "10002"){
			itemValue = "0.3";
		}else if(itemCode == "10003"){
			itemValue = "0.018";
		}else if(itemCode == "10006"){
			itemValue = "0.020";
		}else if(itemCode == "10007"){
			itemValue = "42";
		}else if(itemCode == "10008"){
			itemValue = "11";
		}
		if(itemCode == "10001"){
			itemGrade = "좋음";
		}else if(itemCode == "10002"){
			itemGrade = "좋음";
		}else if(itemCode == "10003"){
			itemGrade = "좋음";
		}else if(itemCode == "10006"){
			itemGrade = "좋음";
		}else if(itemCode == "10007"){
			itemGrade = "보통";
		}else if(itemCode == "10008"){
			itemGrade = "좋음";
		}
		if(itemGrade=="좋음"){
			color = "#0000FF";
		}else if(itemGrade=="보통"){
			color = "#00FF00";
		}else if(itemGrade=="나쁨"){
			color = "#FFFF00";
		}else if(itemGrade=="매우나쁨"){
			color = "#FF0000";
		}
		var obj = {};
		if(itemValue!=""){
			obj['y'] = Number(itemValue);
			obj['color'] = color;
			category.push("2019/10/15 00:00");
			da.push(obj);
		}else {
			da.push(null);
			category.push("");
		}
		
		if(itemCode == "10001"){
			itemValue = "0.004";
		}else if(itemCode == "10002"){
			itemValue = "0.3";
		}else if(itemCode == "10003"){
			itemValue = "0.011";
		}else if(itemCode == "10006"){
			itemValue = "0.027";
		}else if(itemCode == "10007"){
			itemValue = "41";
		}else if(itemCode == "10008"){
			itemValue = "9";
		}
		if(itemCode == "10001"){
			itemGrade = "좋음";
		}else if(itemCode == "10002"){
			itemGrade = "좋음";
		}else if(itemCode == "10003"){
			itemGrade = "좋음";
		}else if(itemCode == "10006"){
			itemGrade = "좋음";
		}else if(itemCode == "10007"){
			itemGrade = "보통";
		}else if(itemCode == "10008"){
			itemGrade = "좋음";
		}
		if(itemGrade=="좋음"){
			color = "#0000FF";
		}else if(itemGrade=="보통"){
			color = "#00FF00";
		}else if(itemGrade=="나쁨"){
			color = "#FFFF00";
		}else if(itemGrade=="매우나쁨"){
			color = "#FF0000";
		}
		var obj = {};
		if(itemValue!=""){
			obj['y'] = Number(itemValue);
			obj['color'] = color;
			category.push("2019/10/15 01:00");
			da.push(obj);
		}else {
			da.push(null);
			category.push("");
		}
		
		if(itemCode == "10001"){
			itemValue = "0.005";
		}else if(itemCode == "10002"){
			itemValue = "0.4";
		}else if(itemCode == "10003"){
			itemValue = "0.012";
		}else if(itemCode == "10006"){
			itemValue = "0.026";
		}else if(itemCode == "10007"){
			itemValue = "44";
		}else if(itemCode == "10008"){
			itemValue = "11";
		}
		if(itemCode == "10001"){
			itemGrade = "좋음";
		}else if(itemCode == "10002"){
			itemGrade = "좋음";
		}else if(itemCode == "10003"){
			itemGrade = "좋음";
		}else if(itemCode == "10006"){
			itemGrade = "좋음";
		}else if(itemCode == "10007"){
			itemGrade = "보통";
		}else if(itemCode == "10008"){
			itemGrade = "좋음";
		}
		if(itemGrade=="좋음"){
			color = "#0000FF";
		}else if(itemGrade=="보통"){
			color = "#00FF00";
		}else if(itemGrade=="나쁨"){
			color = "#FFFF00";
		}else if(itemGrade=="매우나쁨"){
			color = "#FF0000";
		}
		var obj = {};
		if(itemValue!=""){
			obj['y'] = Number(itemValue);
			obj['color'] = color;
			category.push("2019/10/15 02:00");
			da.push(obj);
		}else {
			da.push(null);
			category.push("");
		}
		
		if(itemCode == "10001"){
			itemValue = "0.004";
		}else if(itemCode == "10002"){
			itemValue = "0.3";
		}else if(itemCode == "10003"){
			itemValue = "0.020";
		}else if(itemCode == "10006"){
			itemValue = "0.016";
		}else if(itemCode == "10007"){
			itemValue = "42";
		}else if(itemCode == "10008"){
			itemValue = "9";
		}
		if(itemCode == "10001"){
			itemGrade = "좋음";
		}else if(itemCode == "10002"){
			itemGrade = "좋음";
		}else if(itemCode == "10003"){
			itemGrade = "좋음";
		}else if(itemCode == "10006"){
			itemGrade = "좋음";
		}else if(itemCode == "10007"){
			itemGrade = "보통";
		}else if(itemCode == "10008"){
			itemGrade = "좋음";
		}
		if(itemGrade=="좋음"){
			color = "#0000FF";
		}else if(itemGrade=="보통"){
			color = "#00FF00";
		}else if(itemGrade=="나쁨"){
			color = "#FFFF00";
		}else if(itemGrade=="매우나쁨"){
			color = "#FF0000";
		}
		var obj = {};
		if(itemValue!=""){
			obj['y'] = Number(itemValue);
			obj['color'] = color;
			category.push("2019/10/15 03:00");
			da.push(obj);
		}else {
			da.push(null);
			category.push("");
		}
		
		if(itemCode == "10001"){
			itemValue = "0.003";
		}else if(itemCode == "10002"){
			itemValue = "0.3";
		}else if(itemCode == "10003"){
			itemValue = "0.014";
		}else if(itemCode == "10006"){
			itemValue = "0.021";
		}else if(itemCode == "10007"){
			itemValue = "42";
		}else if(itemCode == "10008"){
			itemValue = "12";
		}
		if(itemCode == "10001"){
			itemGrade = "좋음";
		}else if(itemCode == "10002"){
			itemGrade = "좋음";
		}else if(itemCode == "10003"){
			itemGrade = "좋음";
		}else if(itemCode == "10006"){
			itemGrade = "좋음";
		}else if(itemCode == "10007"){
			itemGrade = "보통";
		}else if(itemCode == "10008"){
			itemGrade = "좋음";
		}
		if(itemGrade=="좋음"){
			color = "#0000FF";
		}else if(itemGrade=="보통"){
			color = "#00FF00";
		}else if(itemGrade=="나쁨"){
			color = "#FFFF00";
		}else if(itemGrade=="매우나쁨"){
			color = "#FF0000";
		}
		var obj = {};
		if(itemValue!=""){
			obj['y'] = Number(itemValue);
			obj['color'] = color;
			category.push("2019/10/15 04:00");
			da.push(obj);
		}else {
			da.push(null);
			category.push("");
		}
		
		if(itemCode == "10001"){
			itemValue = "0.003";
		}else if(itemCode == "10002"){
			itemValue = "0.4";
		}else if(itemCode == "10003"){
			itemValue = "0.012";
		}else if(itemCode == "10006"){
			itemValue = "0.026";
		}else if(itemCode == "10007"){
			itemValue = "44";
		}else if(itemCode == "10008"){
			itemValue = "14";
		}
		if(itemCode == "10001"){
			itemGrade = "좋음";
		}else if(itemCode == "10002"){
			itemGrade = "좋음";
		}else if(itemCode == "10003"){
			itemGrade = "좋음";
		}else if(itemCode == "10006"){
			itemGrade = "좋음";
		}else if(itemCode == "10007"){
			itemGrade = "보통";
		}else if(itemCode == "10008"){
			itemGrade = "좋음";
		}
		if(itemGrade=="좋음"){
			color = "#0000FF";
		}else if(itemGrade=="보통"){
			color = "#00FF00";
		}else if(itemGrade=="나쁨"){
			color = "#FFFF00";
		}else if(itemGrade=="매우나쁨"){
			color = "#FF0000";
		}
		var obj = {};
		if(itemValue!=""){
			obj['y'] = Number(itemValue);
			obj['color'] = color;
			category.push("2019/10/15 05:00");
			da.push(obj);
		}else {
			da.push(null);
			category.push("");
		}
		
		if(itemCode == "10001"){
			itemValue = "0.003";
		}else if(itemCode == "10002"){
			itemValue = "0.4";
		}else if(itemCode == "10003"){
			itemValue = "0.004";
		}else if(itemCode == "10006"){
			itemValue = "0.032";
		}else if(itemCode == "10007"){
			itemValue = "41";
		}else if(itemCode == "10008"){
			itemValue = "11";
		}
		if(itemCode == "10001"){
			itemGrade = "좋음";
		}else if(itemCode == "10002"){
			itemGrade = "좋음";
		}else if(itemCode == "10003"){
			itemGrade = "좋음";
		}else if(itemCode == "10006"){
			itemGrade = "보통";
		}else if(itemCode == "10007"){
			itemGrade = "보통";
		}else if(itemCode == "10008"){
			itemGrade = "좋음";
		}
		if(itemGrade=="좋음"){
			color = "#0000FF";
		}else if(itemGrade=="보통"){
			color = "#00FF00";
		}else if(itemGrade=="나쁨"){
			color = "#FFFF00";
		}else if(itemGrade=="매우나쁨"){
			color = "#FF0000";
		}
		var obj = {};
		if(itemValue!=""){
			obj['y'] = Number(itemValue);
			obj['color'] = color;
			category.push("2019/10/15 06:00");
			da.push(obj);
		}else {
			da.push(null);
			category.push("");
		}
		
		if(itemCode == "10001"){
			itemValue = "0.003";
		}else if(itemCode == "10002"){
			itemValue = "0.4";
		}else if(itemCode == "10003"){
			itemValue = "0.002";
		}else if(itemCode == "10006"){
			itemValue = "0.034";
		}else if(itemCode == "10007"){
			itemValue = "43";
		}else if(itemCode == "10008"){
			itemValue = "13";
		}
		if(itemCode == "10001"){
			itemGrade = "좋음";
		}else if(itemCode == "10002"){
			itemGrade = "좋음";
		}else if(itemCode == "10003"){
			itemGrade = "좋음";
		}else if(itemCode == "10006"){
			itemGrade = "보통";
		}else if(itemCode == "10007"){
			itemGrade = "보통";
		}else if(itemCode == "10008"){
			itemGrade = "좋음";
		}
		if(itemGrade=="좋음"){
			color = "#0000FF";
		}else if(itemGrade=="보통"){
			color = "#00FF00";
		}else if(itemGrade=="나쁨"){
			color = "#FFFF00";
		}else if(itemGrade=="매우나쁨"){
			color = "#FF0000";
		}
		var obj = {};
		if(itemValue!=""){
			obj['y'] = Number(itemValue);
			obj['color'] = color;
			category.push("2019/10/15 07:00");
			da.push(obj);
		}else {
			da.push(null);
			category.push("");
		}
		
		if(itemCode == "10001"){
			itemValue = "0.004";
		}else if(itemCode == "10002"){
			itemValue = "0.5";
		}else if(itemCode == "10003"){
			itemValue = "0.003";
		}else if(itemCode == "10006"){
			itemValue = "0.036";
		}else if(itemCode == "10007"){
			itemValue = "50";
		}else if(itemCode == "10008"){
			itemValue = "14";
		}
		if(itemCode == "10001"){
			itemGrade = "좋음";
		}else if(itemCode == "10002"){
			itemGrade = "좋음";
		}else if(itemCode == "10003"){
			itemGrade = "좋음";
		}else if(itemCode == "10006"){
			itemGrade = "보통";
		}else if(itemCode == "10007"){
			itemGrade = "보통";
		}else if(itemCode == "10008"){
			itemGrade = "좋음";
		}
		if(itemGrade=="좋음"){
			color = "#0000FF";
		}else if(itemGrade=="보통"){
			color = "#00FF00";
		}else if(itemGrade=="나쁨"){
			color = "#FFFF00";
		}else if(itemGrade=="매우나쁨"){
			color = "#FF0000";
		}
		var obj = {};
		if(itemValue!=""){
			obj['y'] = Number(itemValue);
			obj['color'] = color;
			category.push("2019/10/15 08:00");
			da.push(obj);
		}else {
			da.push(null);
			category.push("");
		}
		
		if(itemCode == "10001"){
			itemValue = "0.005";
		}else if(itemCode == "10002"){
			itemValue = "0.5";
		}else if(itemCode == "10003"){
			itemValue = "0.004";
		}else if(itemCode == "10006"){
			itemValue = "0.038";
		}else if(itemCode == "10007"){
			itemValue = "62";
		}else if(itemCode == "10008"){
			itemValue = "14";
		}
		if(itemCode == "10001"){
			itemGrade = "좋음";
		}else if(itemCode == "10002"){
			itemGrade = "좋음";
		}else if(itemCode == "10003"){
			itemGrade = "좋음";
		}else if(itemCode == "10006"){
			itemGrade = "보통";
		}else if(itemCode == "10007"){
			itemGrade = "보통";
		}else if(itemCode == "10008"){
			itemGrade = "좋음";
		}
		if(itemGrade=="좋음"){
			color = "#0000FF";
		}else if(itemGrade=="보통"){
			color = "#00FF00";
		}else if(itemGrade=="나쁨"){
			color = "#FFFF00";
		}else if(itemGrade=="매우나쁨"){
			color = "#FF0000";
		}
		var obj = {};
		if(itemValue!=""){
			obj['y'] = Number(itemValue);
			obj['color'] = color;
			category.push("2019/10/15 09:00");
			da.push(obj);
		}else {
			da.push(null);
			category.push("");
		}
		
		if(itemCode == "10001"){
			itemValue = "0.003";
		}else if(itemCode == "10002"){
			itemValue = "0.3";
		}else if(itemCode == "10003"){
			itemValue = "0.017";
		}else if(itemCode == "10006"){
			itemValue = "0.023";
		}else if(itemCode == "10007"){
			itemValue = "40";
		}else if(itemCode == "10008"){
			itemValue = "9";
		}
		if(itemCode == "10001"){
			itemGrade = "좋음";
		}else if(itemCode == "10002"){
			itemGrade = "좋음";
		}else if(itemCode == "10003"){
			itemGrade = "좋음";
		}else if(itemCode == "10006"){
			itemGrade = "좋음";
		}else if(itemCode == "10007"){
			itemGrade = "보통";
		}else if(itemCode == "10008"){
			itemGrade = "좋음";
		}
		if(itemGrade=="좋음"){
			color = "#0000FF";
		}else if(itemGrade=="보통"){
			color = "#00FF00";
		}else if(itemGrade=="나쁨"){
			color = "#FFFF00";
		}else if(itemGrade=="매우나쁨"){
			color = "#FF0000";
		}
		var obj = {};
		if(itemValue!=""){
			obj['y'] = Number(itemValue);
			obj['color'] = color;
			category.push("2019/10/15 10:00");
			da.push(obj);
		}else {
			da.push(null);
			category.push("");
		}
		
		if(itemCode == "10001"){
			itemValue = "0.002";
		}else if(itemCode == "10002"){
			itemValue = "0.4";
		}else if(itemCode == "10003"){
			itemValue = "0.024";
		}else if(itemCode == "10006"){
			itemValue = "0.016";
		}else if(itemCode == "10007"){
			itemValue = "11";
		}else if(itemCode == "10008"){
			itemValue = "2";
		}
		if(itemCode == "10001"){
			itemGrade = "좋음";
		}else if(itemCode == "10002"){
			itemGrade = "좋음";
		}else if(itemCode == "10003"){
			itemGrade = "좋음";
		}else if(itemCode == "10006"){
			itemGrade = "좋음";
		}else if(itemCode == "10007"){
			itemGrade = "좋음";
		}else if(itemCode == "10008"){
			itemGrade = "좋음";
		}
		if(itemGrade=="좋음"){
			color = "#0000FF";
		}else if(itemGrade=="보통"){
			color = "#00FF00";
		}else if(itemGrade=="나쁨"){
			color = "#FFFF00";
		}else if(itemGrade=="매우나쁨"){
			color = "#FF0000";
		}
		var obj = {};
		if(itemValue!=""){
			obj['y'] = Number(itemValue);
			obj['color'] = color;
			category.push("2019/10/15 11:00");
			da.push(obj);
		}else {
			da.push(null);
			category.push("");
		}
		
		if(itemCode == "10001"){
			itemValue = "0.002";
		}else if(itemCode == "10002"){
			itemValue = "0.4";
		}else if(itemCode == "10003"){
			itemValue = "0.027";
		}else if(itemCode == "10006"){
			itemValue = "0.016";
		}else if(itemCode == "10007"){
			itemValue = "7";
		}else if(itemCode == "10008"){
			itemValue = "2";
		}
		if(itemCode == "10001"){
			itemGrade = "좋음";
		}else if(itemCode == "10002"){
			itemGrade = "좋음";
		}else if(itemCode == "10003"){
			itemGrade = "좋음";
		}else if(itemCode == "10006"){
			itemGrade = "좋음";
		}else if(itemCode == "10007"){
			itemGrade = "좋음";
		}else if(itemCode == "10008"){
			itemGrade = "좋음";
		}
		if(itemGrade=="좋음"){
			color = "#0000FF";
		}else if(itemGrade=="보통"){
			color = "#00FF00";
		}else if(itemGrade=="나쁨"){
			color = "#FFFF00";
		}else if(itemGrade=="매우나쁨"){
			color = "#FF0000";
		}
		var obj = {};
		if(itemValue!=""){
			obj['y'] = Number(itemValue);
			obj['color'] = color;
			category.push("2019/10/15 12:00");
			da.push(obj);
		}else {
			da.push(null);
			category.push("");
		}
		
		if(itemCode == "10001"){
			itemValue = "0.002";
		}else if(itemCode == "10002"){
			itemValue = "0.4";
		}else if(itemCode == "10003"){
			itemValue = "0.032";
		}else if(itemCode == "10006"){
			itemValue = "0.013";
		}else if(itemCode == "10007"){
			itemValue = "9";
		}else if(itemCode == "10008"){
			itemValue = "4";
		}
		if(itemCode == "10001"){
			itemGrade = "좋음";
		}else if(itemCode == "10002"){
			itemGrade = "좋음";
		}else if(itemCode == "10003"){
			itemGrade = "보통";
		}else if(itemCode == "10006"){
			itemGrade = "좋음";
		}else if(itemCode == "10007"){
			itemGrade = "좋음";
		}else if(itemCode == "10008"){
			itemGrade = "좋음";
		}
		if(itemGrade=="좋음"){
			color = "#0000FF";
		}else if(itemGrade=="보통"){
			color = "#00FF00";
		}else if(itemGrade=="나쁨"){
			color = "#FFFF00";
		}else if(itemGrade=="매우나쁨"){
			color = "#FF0000";
		}
		var obj = {};
		if(itemValue!=""){
			obj['y'] = Number(itemValue);
			obj['color'] = color;
			category.push("2019/10/15 13:00");
			da.push(obj);
		}else {
			da.push(null);
			category.push("");
		}
		
		if(itemCode == "10001"){
			itemValue = "0.002";
		}else if(itemCode == "10002"){
			itemValue = "0.3";
		}else if(itemCode == "10003"){
			itemValue = "0.036";
		}else if(itemCode == "10006"){
			itemValue = "0.012";
		}else if(itemCode == "10007"){
			itemValue = "8";
		}else if(itemCode == "10008"){
			itemValue = "4";
		}
		if(itemCode == "10001"){
			itemGrade = "좋음";
		}else if(itemCode == "10002"){
			itemGrade = "좋음";
		}else if(itemCode == "10003"){
			itemGrade = "보통";
		}else if(itemCode == "10006"){
			itemGrade = "좋음";
		}else if(itemCode == "10007"){
			itemGrade = "좋음";
		}else if(itemCode == "10008"){
			itemGrade = "좋음";
		}
		if(itemGrade=="좋음"){
			color = "#0000FF";
		}else if(itemGrade=="보통"){
			color = "#00FF00";
		}else if(itemGrade=="나쁨"){
			color = "#FFFF00";
		}else if(itemGrade=="매우나쁨"){
			color = "#FF0000";
		}
		var obj = {};
		if(itemValue!=""){
			obj['y'] = Number(itemValue);
			obj['color'] = color;
			category.push("2019/10/15 14:00");
			da.push(obj);
		}else {
			da.push(null);
			category.push("");
		}
		
		if(itemCode == "10001"){
			itemValue = "0.002";
		}else if(itemCode == "10002"){
			itemValue = "0.3";
		}else if(itemCode == "10003"){
			itemValue = "0.038";
		}else if(itemCode == "10006"){
			itemValue = "0.014";
		}else if(itemCode == "10007"){
			itemValue = "11";
		}else if(itemCode == "10008"){
			itemValue = "6";
		}
		if(itemCode == "10001"){
			itemGrade = "좋음";
		}else if(itemCode == "10002"){
			itemGrade = "좋음";
		}else if(itemCode == "10003"){
			itemGrade = "보통";
		}else if(itemCode == "10006"){
			itemGrade = "좋음";
		}else if(itemCode == "10007"){
			itemGrade = "좋음";
		}else if(itemCode == "10008"){
			itemGrade = "좋음";
		}
		if(itemGrade=="좋음"){
			color = "#0000FF";
		}else if(itemGrade=="보통"){
			color = "#00FF00";
		}else if(itemGrade=="나쁨"){
			color = "#FFFF00";
		}else if(itemGrade=="매우나쁨"){
			color = "#FF0000";
		}
		var obj = {};
		if(itemValue!=""){
			obj['y'] = Number(itemValue);
			obj['color'] = color;
			category.push("2019/10/15 15:00");
			da.push(obj);
		}else {
			da.push(null);
			category.push("");
		}
		
		if(itemCode == "10001"){
			itemValue = "0.002";
		}else if(itemCode == "10002"){
			itemValue = "0.3";
		}else if(itemCode == "10003"){
			itemValue = "0.041";
		}else if(itemCode == "10006"){
			itemValue = "0.012";
		}else if(itemCode == "10007"){
			itemValue = "12";
		}else if(itemCode == "10008"){
			itemValue = "9";
		}
		if(itemCode == "10001"){
			itemGrade = "좋음";
		}else if(itemCode == "10002"){
			itemGrade = "좋음";
		}else if(itemCode == "10003"){
			itemGrade = "보통";
		}else if(itemCode == "10006"){
			itemGrade = "좋음";
		}else if(itemCode == "10007"){
			itemGrade = "좋음";
		}else if(itemCode == "10008"){
			itemGrade = "좋음";
		}
		if(itemGrade=="좋음"){
			color = "#0000FF";
		}else if(itemGrade=="보통"){
			color = "#00FF00";
		}else if(itemGrade=="나쁨"){
			color = "#FFFF00";
		}else if(itemGrade=="매우나쁨"){
			color = "#FF0000";
		}
		var obj = {};
		if(itemValue!=""){
			obj['y'] = Number(itemValue);
			obj['color'] = color;
			category.push("2019/10/15 16:00");
			da.push(obj);
		}else {
			da.push(null);
			category.push("");
		}
		
		if(itemCode == "10001"){
			itemValue = "0.006";
		}else if(itemCode == "10002"){
			itemValue = "0.4";
		}else if(itemCode == "10003"){
			itemValue = "0.029";
		}else if(itemCode == "10006"){
			itemValue = "0.024";
		}else if(itemCode == "10007"){
			itemValue = "16";
		}else if(itemCode == "10008"){
			itemValue = "9";
		}
		if(itemCode == "10001"){
			itemGrade = "좋음";
		}else if(itemCode == "10002"){
			itemGrade = "좋음";
		}else if(itemCode == "10003"){
			itemGrade = "좋음";
		}else if(itemCode == "10006"){
			itemGrade = "좋음";
		}else if(itemCode == "10007"){
			itemGrade = "좋음";
		}else if(itemCode == "10008"){
			itemGrade = "좋음";
		}
		if(itemGrade=="좋음"){
			color = "#0000FF";
		}else if(itemGrade=="보통"){
			color = "#00FF00";
		}else if(itemGrade=="나쁨"){
			color = "#FFFF00";
		}else if(itemGrade=="매우나쁨"){
			color = "#FF0000";
		}
		var obj = {};
		if(itemValue!=""){
			obj['y'] = Number(itemValue);
			obj['color'] = color;
			category.push("2019/10/15 17:00");
			da.push(obj);
		}else {
			da.push(null);
			category.push("");
		}
		
		if(itemCode == "10001"){
			itemValue = "0.010";
		}else if(itemCode == "10002"){
			itemValue = "0.5";
		}else if(itemCode == "10003"){
			itemValue = "0.022";
		}else if(itemCode == "10006"){
			itemValue = "0.031";
		}else if(itemCode == "10007"){
			itemValue = "18";
		}else if(itemCode == "10008"){
			itemValue = "8";
		}
		if(itemCode == "10001"){
			itemGrade = "좋음";
		}else if(itemCode == "10002"){
			itemGrade = "좋음";
		}else if(itemCode == "10003"){
			itemGrade = "좋음";
		}else if(itemCode == "10006"){
			itemGrade = "보통";
		}else if(itemCode == "10007"){
			itemGrade = "좋음";
		}else if(itemCode == "10008"){
			itemGrade = "좋음";
		}
		if(itemGrade=="좋음"){
			color = "#0000FF";
		}else if(itemGrade=="보통"){
			color = "#00FF00";
		}else if(itemGrade=="나쁨"){
			color = "#FFFF00";
		}else if(itemGrade=="매우나쁨"){
			color = "#FF0000";
		}
		var obj = {};
		if(itemValue!=""){
			obj['y'] = Number(itemValue);
			obj['color'] = color;
			category.push("2019/10/15 18:00");
			da.push(obj);
		}else {
			da.push(null);
			category.push("");
		}
		
		if(itemCode == "10001"){
			itemValue = "0.006";
		}else if(itemCode == "10002"){
			itemValue = "0.4";
		}else if(itemCode == "10003"){
			itemValue = "0.017";
		}else if(itemCode == "10006"){
			itemValue = "0.036";
		}else if(itemCode == "10007"){
			itemValue = "26";
		}else if(itemCode == "10008"){
			itemValue = "10";
		}
		if(itemCode == "10001"){
			itemGrade = "좋음";
		}else if(itemCode == "10002"){
			itemGrade = "좋음";
		}else if(itemCode == "10003"){
			itemGrade = "좋음";
		}else if(itemCode == "10006"){
			itemGrade = "보통";
		}else if(itemCode == "10007"){
			itemGrade = "좋음";
		}else if(itemCode == "10008"){
			itemGrade = "좋음";
		}
		if(itemGrade=="좋음"){
			color = "#0000FF";
		}else if(itemGrade=="보통"){
			color = "#00FF00";
		}else if(itemGrade=="나쁨"){
			color = "#FFFF00";
		}else if(itemGrade=="매우나쁨"){
			color = "#FF0000";
		}
		var obj = {};
		if(itemValue!=""){
			obj['y'] = Number(itemValue);
			obj['color'] = color;
			category.push("2019/10/15 19:00");
			da.push(obj);
		}else {
			da.push(null);
			category.push("");
		}
		
		
		console.log("itemValue : " + itemValue);
		console.log("category : " + category);
		console.log("da : " + da);

	//차트생성
    $('#graph').highcharts({
      chart: {
          type: 'column'
      },
//       colors: ['#e86730'],
      title: {
          text: ''
      },
      subtitle: {
          text: ''
      },
      xAxis: {
          categories: category, 
          title: {
              text: null
          },
          labels: {
            style: { fontWeight:'bold'}
          },
          tickInterval:"6"
      },
      yAxis: {
          min: 0,
          max: null,
          title: {
              text: itemUnit,
              align: 'high'
          },
          labels: {
              overflow: 'justify'
          }
          //minTickInterval : 1
      },
      tooltip: {
          valueSuffix: itemUnit
      },
      plotOptions: {
          bar: {
              dataLabels: {
                  enabled: true
              }
          }
      },
      credits: {
          enabled: false
      },
      series: 
    	  [{
          name: itemName,
          data: da
       // 	   [{y:40, color:'#0000FF'},{y:39, color:'#FF0000'},null,39,36,41,38,36,40,40,36,37,39,38,37,37,36,38,32,30,40,50,31,50]
      }]
  });
    
});
</script>
	        	
<body style="width: 570px;">
<div class="upper">
	<span class="tit">우리동네 대기질 정보 측정값</span>
</div>
<div class="Pd10" style="letter-spacing: -1px;">
	<table class="st_2 stoke">
        <caption>우리동네 대기질 정보 측정값</caption>
        <colgroup>
            <col style="width: 100px;" />
            <col style="width: 120px;" />
            <col />
        </colgroup>
        <tbody>
        	<tr class="al3">
            	
            	
            	
            	
            	
            	
            	
            	
            	
            	
            	
            		
            		
            	
            	
            	
            		
            	
            	
            	
            	
            
            	
            	
            	
            	
                <td class="lv1 L0" rowspan="4" style="font-size: 30px;">10<p class="fs13">㎍/㎥</p></td>
            	
                <th>측정소명</th>
                <td>강서구</td>
            </tr>
  
  			<tr class="al2">
  				<th>위치</th>
                <td>서울 강서구 강서로 45 다길 71 화곡3동</td>
  			</tr>
			  
            <tr class="al2">
                <th>농도</th>
                <td>10㎍/㎥ (1시간), 8㎍/㎥ (24시간)</td>
            </tr>
  			
  
            <tr class="al2">
                <th>상태정보</th>
                
                
                <td></td>
                
            </tr>
        </tbody>
    </table>
    <div class="box-stoke AC Pd10 MgT20" id="graph" style="height:180px"></div>
</div>
</body>
</html>